============================== Mace4 =================================
Mace4 (32) version Dec-2007, Dec 2007.
Process 6004 was started by 93508 on LAPTOP-8MVVDDMS,
Mon Apr  5 11:30:33 2021
The command was "/cygdrive/c/Program Files (x86)/Prover9-Mace4/bin-win32/mace4 -c".
============================== end of head ===========================

============================== INPUT =================================
assign(report_stderr,2).
set(ignore_option_dependencies).
if(Prover9).
% Conditional input omitted.
end_if.
if(Mace4).
% Conditional input included.
assign(max_seconds,60).
end_if.

formulas(assumptions).
m(m(x,y),z) = m(x,m(y,z)).
m(x,e) = x.
m(x,i(x)) = e.
m(e,x) = x.
m(i(x),x) = e.
end_of_list.

formulas(goals).
i(m(x,y)) = m(i(x),i(y)).
end_of_list.

============================== end of input ==========================

% Enabling option dependencies (ignore applies only on input).

============================== PROCESS NON-CLAUSAL FORMULAS ==========

% Formulas that are not ordinary clauses:
1 i(m(x,y)) = m(i(x),i(y)) # label(non_clause) # label(goal).  [goal].

============================== end of process non-clausal formulas ===

============================== CLAUSES FOR SEARCH ====================

formulas(mace4_clauses).
m(m(x,y),z) = m(x,m(y,z)).
m(x,e) = x.
m(x,i(x)) = e.
m(e,x) = x.
m(i(x),x) = e.
i(m(c1,c2)) != m(i(c1),i(c2)).
end_of_list.

============================== end of clauses for search =============

% There are no domain elements in the input.

============================== DOMAIN SIZE 2 =========================

============================== STATISTICS ============================

For domain size 2.

Current CPU time: 0.00 seconds (total CPU time: 0.00 seconds).
Ground clauses: seen=17, kept=17.
Selections=4, assignments=7, propagations=6, current_models=0.
Rewrite_terms=82, rewrite_bools=20, indexes=6.
Rules_from_neg_clauses=2, cross_offs=2.

============================== end of statistics =====================

============================== DOMAIN SIZE 3 =========================

============================== STATISTICS ============================

For domain size 3.

Current CPU time: 0.00 seconds (total CPU time: 0.00 seconds).
Ground clauses: seen=40, kept=40.
Selections=6, assignments=14, propagations=15, current_models=0.
Rewrite_terms=237, rewrite_bools=63, indexes=33.
Rules_from_neg_clauses=5, cross_offs=12.

============================== end of statistics =====================

============================== DOMAIN SIZE 4 =========================

============================== STATISTICS ============================

For domain size 4.

Current CPU time: 0.00 seconds (total CPU time: 0.00 seconds).
Ground clauses: seen=81, kept=81.
Selections=8, assignments=22, propagations=40, current_models=0.
Rewrite_terms=647, rewrite_bools=169, indexes=72.
Rules_from_neg_clauses=16, cross_offs=49.

============================== end of statistics =====================

============================== DOMAIN SIZE 5 =========================

============================== STATISTICS ============================

For domain size 5.

Current CPU time: 0.00 seconds (total CPU time: 0.00 seconds).
Ground clauses: seen=146, kept=146.
Selections=14, assignments=50, propagations=88, current_models=0.
Rewrite_terms=1390, rewrite_bools=312, indexes=224.
Rules_from_neg_clauses=29, cross_offs=135.

============================== end of statistics =====================

============================== DOMAIN SIZE 6 =========================

============================== MODEL =================================

interpretation( 6, [number=1, seconds=0], [

        function(e, [ 0 ]),

        function(c1, [ 1 ]),

        function(c2, [ 2 ]),

        function(i(_), [ 0, 1, 2, 4, 3, 5 ]),

        function(m(_,_), [
			   0, 1, 2, 3, 4, 5,
			   1, 0, 3, 2, 5, 4,
			   2, 4, 0, 5, 1, 3,
			   3, 5, 1, 4, 0, 2,
			   4, 2, 5, 0, 3, 1,
			   5, 3, 4, 1, 2, 0 ])
]).

============================== end of model ==========================

============================== STATISTICS ============================

For domain size 6.

Current CPU time: 0.00 seconds (total CPU time: 0.00 seconds).
Ground clauses: seen=241, kept=241.
Selections=9, assignments=25, propagations=41, current_models=1.
Rewrite_terms=1020, rewrite_bools=262, indexes=181.
Rules_from_neg_clauses=5, cross_offs=84.

============================== end of statistics =====================

User_CPU=0.00, System_CPU=0.06, Wall_clock=0.

Exiting with 1 model.

Process 6004 exit (max_models) Mon Apr  5 11:30:33 2021
The process finished Mon Apr  5 11:30:33 2021
